Thu Jun 22 2023 16:0:5 [University Management System] info: [GET] /socket.io/?EIO=4&transport=polling&t=OZYY_tk
Thu Jun 22 2023 16:0:5 [University Management System] info: [GET] /socket.io/?EIO=4&transport=polling&t=OZYY_tl
Thu Jun 22 2023 16:0:5 [University Management System] info: [GET] /socket.io/?EIO=4&transport=polling&t=OZYY_u3
Thu Jun 22 2023 16:0:5 [University Management System] info: [GET] /socket.io/?EIO=4&transport=polling&t=OZYY_u7
Thu Jun 22 2023 16:0:5 [University Management System] info: [GET] /socket.io/?EIO=4&transport=polling&t=OZYY_uD
Thu Jun 22 2023 16:0:11 [University Management System] info: [GET] /socket.io/?EIO=4&transport=polling&t=OZYZ1LK
Thu Jun 22 2023 16:0:11 [University Management System] info: [GET] /socket.io/?EIO=4&transport=polling&t=OZYZ1LL
Thu Jun 22 2023 16:0:11 [University Management System] info: [GET] /socket.io/?EIO=4&transport=polling&t=OZYZ1LQ
Thu Jun 22 2023 16:0:17 [University Management System] info: [GET] /socket.io/?EIO=4&transport=polling&t=OZYZ2pE
Thu Jun 22 2023 16:0:17 [University Management System] info: [GET] /socket.io/?EIO=4&transport=polling&t=OZYZ2pG
Thu Jun 22 2023 16:0:17 [University Management System] info: [GET] /socket.io/?EIO=4&transport=polling&t=OZYZ2pK
Thu Jun 22 2023 16:0:23 [University Management System] info: [GET] /socket.io/?EIO=4&transport=polling&t=OZYZ4Gu
Thu Jun 22 2023 16:0:23 [University Management System] info: [GET] /socket.io/?EIO=4&transport=polling&t=OZYZ4Gw
Thu Jun 22 2023 16:0:29 [University Management System] info: [GET] /socket.io/?EIO=4&transport=polling&t=OZYZ5kf
Thu Jun 22 2023 16:0:29 [University Management System] info: [GET] /socket.io/?EIO=4&transport=polling&t=OZYZ5kg
Thu Jun 22 2023 16:0:29 [University Management System] info: [GET] /socket.io/?EIO=4&transport=polling&t=OZYZ5kn
Thu Jun 22 2023 16:0:29 [University Management System] info: [GET] /socket.io/?EIO=4&transport=polling&t=OZYZ5ko
Thu Jun 22 2023 16:0:29 [University Management System] info: [GET] /socket.io/?EIO=4&transport=polling&t=OZYZ5ks
Thu Jun 22 2023 16:0:29 [University Management System] info: [GET] /socket.io/?EIO=4&transport=polling&t=OZYZ5kw
Thu Jun 22 2023 16:0:35 [University Management System] info: [GET] /socket.io/?EIO=4&transport=polling&t=OZYZ7CW
Thu Jun 22 2023 16:0:35 [University Management System] info: [GET] /socket.io/?EIO=4&transport=polling&t=OZYZ7CX
Thu Jun 22 2023 16:0:35 [University Management System] info: [GET] /socket.io/?EIO=4&transport=polling&t=OZYZ7Cc
Thu Jun 22 2023 16:0:41 [University Management System] info: [GET] /socket.io/?EIO=4&transport=polling&t=OZYZ8g7
Thu Jun 22 2023 16:0:41 [University Management System] info: [GET] /socket.io/?EIO=4&transport=polling&t=OZYZ8g7.0
Thu Jun 22 2023 16:0:41 [University Management System] info: [GET] /socket.io/?EIO=4&transport=polling&t=OZYZ8gD
Thu Jun 22 2023 16:0:41 [University Management System] info: [GET] /socket.io/?EIO=4&transport=polling&t=OZYZ8gG
Thu Jun 22 2023 16:0:47 [University Management System] info: [GET] /socket.io/?EIO=4&transport=polling&t=OZYZA7-
Thu Jun 22 2023 16:0:47 [University Management System] info: [GET] /socket.io/?EIO=4&transport=polling&t=OZYZA7_
Thu Jun 22 2023 16:0:47 [University Management System] info: [GET] /socket.io/?EIO=4&transport=polling&t=OZYZA84
Thu Jun 22 2023 16:0:47 [University Management System] info: [GET] /socket.io/?EIO=4&transport=polling&t=OZYZA84.0
Thu Jun 22 2023 16:0:47 [University Management System] info: [GET] /socket.io/?EIO=4&transport=polling&t=OZYZA87
Thu Jun 22 2023 16:0:47 [University Management System] info: [GET] /socket.io/?EIO=4&transport=polling&t=OZYZA8B
Thu Jun 22 2023 16:0:47 [University Management System] info: [GET] /socket.io/?EIO=4&transport=polling&t=OZYZA8H
Thu Jun 22 2023 16:0:47 [University Management System] info: [GET] /socket.io/?EIO=4&transport=polling&t=OZYZA8L
Thu Jun 22 2023 16:0:47 [University Management System] info: [GET] /socket.io/?EIO=4&transport=polling&t=OZYZA8P
Thu Jun 22 2023 16:0:47 [University Management System] info: [GET] /socket.io/?EIO=4&transport=polling&t=OZYZA8T
Thu Jun 22 2023 16:0:47 [University Management System] info: [GET] /socket.io/?EIO=4&transport=polling&t=OZYZA8a
Thu Jun 22 2023 16:0:47 [University Management System] info: [GET] /socket.io/?EIO=4&transport=polling&t=OZYZA8e
Thu Jun 22 2023 16:0:47 [University Management System] info: [GET] /socket.io/?EIO=4&transport=polling&t=OZYZA8i
Thu Jun 22 2023 16:0:47 [University Management System] info: [GET] /socket.io/?EIO=4&transport=polling&t=OZYZA8p
Thu Jun 22 2023 16:0:47 [University Management System] info: [GET] /socket.io/?EIO=4&transport=polling&t=OZYZA8t
Thu Jun 22 2023 16:0:47 [University Management System] info: [GET] /socket.io/?EIO=4&transport=polling&t=OZYZA8y
Thu Jun 22 2023 16:0:47 [University Management System] info: [GET] /socket.io/?EIO=4&transport=polling&t=OZYZA94
Thu Jun 22 2023 16:0:47 [University Management System] info: [GET] /socket.io/?EIO=4&transport=polling&t=OZYZA98
Thu Jun 22 2023 16:0:53 [University Management System] info: [GET] /socket.io/?EIO=4&transport=polling&t=OZYZBbY
Thu Jun 22 2023 16:0:53 [University Management System] info: [GET] /socket.io/?EIO=4&transport=polling&t=OZYZBbZ
Thu Jun 22 2023 16:0:53 [University Management System] info: [GET] /socket.io/?EIO=4&transport=polling&t=OZYZBbh
Thu Jun 22 2023 16:0:59 [University Management System] info: [GET] /socket.io/?EIO=4&transport=polling&t=OZYZD3K
Thu Jun 22 2023 16:0:59 [University Management System] info: [GET] /socket.io/?EIO=4&transport=polling&t=OZYZD3L
Thu Jun 22 2023 16:0:59 [University Management System] info: [GET] /socket.io/?EIO=4&transport=polling&t=OZYZD3P
Thu Jun 22 2023 16:0:59 [University Management System] info: [GET] /socket.io/?EIO=4&transport=polling&t=OZYZD3Q
Thu Jun 22 2023 16:0:59 [University Management System] info: [GET] /socket.io/?EIO=4&transport=polling&t=OZYZD3T
Thu Jun 22 2023 16:0:59 [University Management System] info: [GET] /socket.io/?EIO=4&transport=polling&t=OZYZD3U
Thu Jun 22 2023 16:0:59 [University Management System] info: [GET] /socket.io/?EIO=4&transport=polling&t=OZYZD3W
Thu Jun 22 2023 16:1:5 [University Management System] info: [GET] /socket.io/?EIO=4&transport=polling&t=OZYZEXE
Thu Jun 22 2023 16:1:5 [University Management System] info: [GET] /socket.io/?EIO=4&transport=polling&t=OZYZEXG
Thu Jun 22 2023 16:1:11 [University Management System] info: [GET] /socket.io/?EIO=4&transport=polling&t=OZYZF-p
Thu Jun 22 2023 16:1:11 [University Management System] info: [GET] /socket.io/?EIO=4&transport=polling&t=OZYZF-q
Thu Jun 22 2023 16:1:11 [University Management System] info: [GET] /socket.io/?EIO=4&transport=polling&t=OZYZF-w
Thu Jun 22 2023 16:1:11 [University Management System] info: [GET] /socket.io/?EIO=4&transport=polling&t=OZYZF-x
Thu Jun 22 2023 16:1:17 [University Management System] info: [GET] /socket.io/?EIO=4&transport=polling&t=OZYZHSa
Thu Jun 22 2023 16:1:17 [University Management System] info: [GET] /socket.io/?EIO=4&transport=polling&t=OZYZHSb
Thu Jun 22 2023 16:1:17 [University Management System] info: [GET] /socket.io/?EIO=4&transport=polling&t=OZYZHSj
Thu Jun 22 2023 16:1:23 [University Management System] info: [GET] /socket.io/?EIO=4&transport=polling&t=OZYZIwU
Thu Jun 22 2023 16:1:23 [University Management System] info: [GET] /socket.io/?EIO=4&transport=polling&t=OZYZIwV
Thu Jun 22 2023 16:1:23 [University Management System] info: [GET] /socket.io/?EIO=4&transport=polling&t=OZYZIwd
Thu Jun 22 2023 16:1:23 [University Management System] info: [GET] /socket.io/?EIO=4&transport=polling&t=OZYZIwi
Thu Jun 22 2023 16:1:29 [University Management System] info: [GET] /socket.io/?EIO=4&transport=polling&t=OZYZKOF
Thu Jun 22 2023 16:1:29 [University Management System] info: [GET] /socket.io/?EIO=4&transport=polling&t=OZYZKOG
Thu Jun 22 2023 16:1:29 [University Management System] info: [GET] /socket.io/?EIO=4&transport=polling&t=OZYZKON
Thu Jun 22 2023 16:1:29 [University Management System] info: [GET] /socket.io/?EIO=4&transport=polling&t=OZYZKOP
Thu Jun 22 2023 16:1:29 [University Management System] info: [GET] /socket.io/?EIO=4&transport=polling&t=OZYZKOT
Thu Jun 22 2023 16:1:29 [University Management System] info: [GET] /socket.io/?EIO=4&transport=polling&t=OZYZKOZ
Thu Jun 22 2023 16:1:35 [University Management System] info: [GET] /socket.io/?EIO=4&transport=polling&t=OZYZLrq
Thu Jun 22 2023 16:1:35 [University Management System] info: [GET] /socket.io/?EIO=4&transport=polling&t=OZYZLrr
Thu Jun 22 2023 16:1:35 [University Management System] info: [GET] /socket.io/?EIO=4&transport=polling&t=OZYZLr-
Thu Jun 22 2023 16:1:35 [University Management System] info: [GET] /socket.io/?EIO=4&transport=polling&t=OZYZLs3
Thu Jun 22 2023 16:1:35 [University Management System] info: [GET] /socket.io/?EIO=4&transport=polling&t=OZYZLs8
Thu Jun 22 2023 16:1:41 [University Management System] info: [GET] /socket.io/?EIO=4&transport=polling&t=OZYZNJd
Thu Jun 22 2023 16:1:41 [University Management System] info: [GET] /socket.io/?EIO=4&transport=polling&t=OZYZNJe
Thu Jun 22 2023 16:1:41 [University Management System] info: [GET] /socket.io/?EIO=4&transport=polling&t=OZYZNJk
Thu Jun 22 2023 16:1:41 [University Management System] info: [GET] /socket.io/?EIO=4&transport=polling&t=OZYZNJo
Thu Jun 22 2023 16:1:41 [University Management System] info: [GET] /socket.io/?EIO=4&transport=polling&t=OZYZNJs
Thu Jun 22 2023 16:1:47 [University Management System] info: [GET] /socket.io/?EIO=4&transport=polling&t=OZYZOnK
Thu Jun 22 2023 16:1:47 [University Management System] info: [GET] /socket.io/?EIO=4&transport=polling&t=OZYZOnL
Thu Jun 22 2023 16:1:47 [University Management System] info: [GET] /socket.io/?EIO=4&transport=polling&t=OZYZOnT
Thu Jun 22 2023 16:1:47 [University Management System] info: [GET] /socket.io/?EIO=4&transport=polling&t=OZYZOnU
Thu Jun 22 2023 16:1:47 [University Management System] info: [GET] /socket.io/?EIO=4&transport=polling&t=OZYZOnY
Thu Jun 22 2023 16:1:47 [University Management System] info: [GET] /socket.io/?EIO=4&transport=polling&t=OZYZOnd
Thu Jun 22 2023 16:1:47 [University Management System] info: [GET] /socket.io/?EIO=4&transport=polling&t=OZYZOnh
Thu Jun 22 2023 16:1:53 [University Management System] info: [GET] /socket.io/?EIO=4&transport=polling&t=OZYZQF2
Thu Jun 22 2023 16:1:53 [University Management System] info: [GET] /socket.io/?EIO=4&transport=polling&t=OZYZQF3
Thu Jun 22 2023 16:1:53 [University Management System] info: [GET] /socket.io/?EIO=4&transport=polling&t=OZYZQFD
Thu Jun 22 2023 16:1:53 [University Management System] info: [GET] /socket.io/?EIO=4&transport=polling&t=OZYZQFD.0
Thu Jun 22 2023 16:1:53 [University Management System] info: [GET] /socket.io/?EIO=4&transport=polling&t=OZYZQFH
Thu Jun 22 2023 16:1:53 [University Management System] info: [GET] /socket.io/?EIO=4&transport=polling&t=OZYZQFL
Thu Jun 22 2023 16:1:59 [University Management System] info: [GET] /socket.io/?EIO=4&transport=polling&t=OZYZRiz
Thu Jun 22 2023 16:1:59 [University Management System] info: [GET] /socket.io/?EIO=4&transport=polling&t=OZYZRi-
Thu Jun 22 2023 16:2:5 [University Management System] info: [GET] /socket.io/?EIO=4&transport=polling&t=OZYZTAk
Thu Jun 22 2023 16:2:5 [University Management System] info: [GET] /socket.io/?EIO=4&transport=polling&t=OZYZTAl
Thu Jun 22 2023 16:2:5 [University Management System] info: [GET] /socket.io/?EIO=4&transport=polling&t=OZYZTAq
Thu Jun 22 2023 16:2:5 [University Management System] info: [GET] /socket.io/?EIO=4&transport=polling&t=OZYZTAr
Thu Jun 22 2023 16:2:5 [University Management System] info: [GET] /socket.io/?EIO=4&transport=polling&t=OZYZTAx
Thu Jun 22 2023 16:2:5 [University Management System] info: [GET] /socket.io/?EIO=4&transport=polling&t=OZYZTAy
Thu Jun 22 2023 16:2:5 [University Management System] info: [GET] /socket.io/?EIO=4&transport=polling&t=OZYZTB4
Thu Jun 22 2023 16:2:11 [University Management System] info: [GET] /socket.io/?EIO=4&transport=polling&t=OZYZUeP
Thu Jun 22 2023 16:2:11 [University Management System] info: [GET] /socket.io/?EIO=4&transport=polling&t=OZYZUeQ
Thu Jun 22 2023 16:2:11 [University Management System] info: [GET] /socket.io/?EIO=4&transport=polling&t=OZYZUeW
Thu Jun 22 2023 16:2:11 [University Management System] info: [GET] /socket.io/?EIO=4&transport=polling&t=OZYZUej
Thu Jun 22 2023 16:2:17 [University Management System] info: [GET] /socket.io/?EIO=4&transport=polling&t=OZYZW63
Thu Jun 22 2023 16:2:17 [University Management System] info: [GET] /socket.io/?EIO=4&transport=polling&t=OZYZW64
Thu Jun 22 2023 16:2:17 [University Management System] info: [GET] /socket.io/?EIO=4&transport=polling&t=OZYZW6A
Thu Jun 22 2023 16:2:23 [University Management System] info: [GET] /socket.io/?EIO=4&transport=polling&t=OZYZXZw
Thu Jun 22 2023 16:2:23 [University Management System] info: [GET] /socket.io/?EIO=4&transport=polling&t=OZYZXZx
Thu Jun 22 2023 16:2:23 [University Management System] info: [GET] /socket.io/?EIO=4&transport=polling&t=OZYZXZ_
Thu Jun 22 2023 16:2:23 [University Management System] info: [GET] /socket.io/?EIO=4&transport=polling&t=OZYZXa0
Thu Jun 22 2023 16:2:29 [University Management System] info: [GET] /socket.io/?EIO=4&transport=polling&t=OZYZZ1h
Thu Jun 22 2023 16:2:29 [University Management System] info: [GET] /socket.io/?EIO=4&transport=polling&t=OZYZZ1i
Thu Jun 22 2023 16:2:29 [University Management System] info: [GET] /socket.io/?EIO=4&transport=polling&t=OZYZZ1o
Thu Jun 22 2023 16:2:29 [University Management System] info: [GET] /socket.io/?EIO=4&transport=polling&t=OZYZZ1q
Thu Jun 22 2023 16:2:29 [University Management System] info: [GET] /socket.io/?EIO=4&transport=polling&t=OZYZZ1s
Thu Jun 22 2023 16:2:29 [University Management System] info: [GET] /socket.io/?EIO=4&transport=polling&t=OZYZZ1-
Thu Jun 22 2023 16:2:35 [University Management System] info: [GET] /socket.io/?EIO=4&transport=polling&t=OZYZaVP
Thu Jun 22 2023 16:2:35 [University Management System] info: [GET] /socket.io/?EIO=4&transport=polling&t=OZYZaVQ
Thu Jun 22 2023 16:2:35 [University Management System] info: [GET] /socket.io/?EIO=4&transport=polling&t=OZYZaVV
Thu Jun 22 2023 16:2:35 [University Management System] info: [GET] /socket.io/?EIO=4&transport=polling&t=OZYZaVW
Thu Jun 22 2023 16:2:35 [University Management System] info: [GET] /socket.io/?EIO=4&transport=polling&t=OZYZaVa
Thu Jun 22 2023 16:2:35 [University Management System] info: [GET] /socket.io/?EIO=4&transport=polling&t=OZYZaVg
Thu Jun 22 2023 16:2:35 [University Management System] info: [GET] /socket.io/?EIO=4&transport=polling&t=OZYZaVk
Thu Jun 22 2023 16:2:41 [University Management System] info: [GET] /socket.io/?EIO=4&transport=polling&t=OZYZbzC
Thu Jun 22 2023 16:2:41 [University Management System] info: [GET] /socket.io/?EIO=4&transport=polling&t=OZYZbzD
Thu Jun 22 2023 16:2:41 [University Management System] info: [GET] /socket.io/?EIO=4&transport=polling&t=OZYZbzI
Thu Jun 22 2023 16:2:41 [University Management System] info: [GET] /socket.io/?EIO=4&transport=polling&t=OZYZbzM
Thu Jun 22 2023 16:2:41 [University Management System] info: [GET] /socket.io/?EIO=4&transport=polling&t=OZYZbzR
Thu Jun 22 2023 16:2:47 [University Management System] info: [GET] /socket.io/?EIO=4&transport=polling&t=OZYZdQ_
Thu Jun 22 2023 16:2:47 [University Management System] info: [GET] /socket.io/?EIO=4&transport=polling&t=OZYZdR0
Thu Jun 22 2023 16:2:47 [University Management System] info: [GET] /socket.io/?EIO=4&transport=polling&t=OZYZdR7
Thu Jun 22 2023 16:2:53 [University Management System] info: [GET] /socket.io/?EIO=4&transport=polling&t=OZYZeuY
Thu Jun 22 2023 16:2:53 [University Management System] info: [GET] /socket.io/?EIO=4&transport=polling&t=OZYZeuZ
Thu Jun 22 2023 16:2:53 [University Management System] info: [GET] /socket.io/?EIO=4&transport=polling&t=OZYZeue
Thu Jun 22 2023 16:2:53 [University Management System] info: [GET] /socket.io/?EIO=4&transport=polling&t=OZYZeue.0
Thu Jun 22 2023 16:2:53 [University Management System] info: [GET] /socket.io/?EIO=4&transport=polling&t=OZYZeui
Thu Jun 22 2023 16:2:53 [University Management System] info: [GET] /socket.io/?EIO=4&transport=polling&t=OZYZeum
Thu Jun 22 2023 16:2:53 [University Management System] info: [GET] /socket.io/?EIO=4&transport=polling&t=OZYZeur
Thu Jun 22 2023 16:2:53 [University Management System] info: [GET] /socket.io/?EIO=4&transport=polling&t=OZYZeuv
Thu Jun 22 2023 16:2:59 [University Management System] info: [GET] /socket.io/?EIO=4&transport=polling&t=OZYZgMR
Thu Jun 22 2023 16:2:59 [University Management System] info: [GET] /socket.io/?EIO=4&transport=polling&t=OZYZgMS
Thu Jun 22 2023 16:3:5 [University Management System] info: [GET] /socket.io/?EIO=4&transport=polling&t=OZYZhq1
Thu Jun 22 2023 16:3:5 [University Management System] info: [GET] /socket.io/?EIO=4&transport=polling&t=OZYZhq2
Thu Jun 22 2023 16:3:5 [University Management System] info: [GET] /socket.io/?EIO=4&transport=polling&t=OZYZhqA
Thu Jun 22 2023 16:3:11 [University Management System] info: [GET] /socket.io/?EIO=4&transport=polling&t=OZYZjHr
Thu Jun 22 2023 16:3:11 [University Management System] info: [GET] /socket.io/?EIO=4&transport=polling&t=OZYZjHs
Thu Jun 22 2023 16:3:11 [University Management System] info: [GET] /socket.io/?EIO=4&transport=polling&t=OZYZjHw
Thu Jun 22 2023 16:3:17 [University Management System] info: [GET] /socket.io/?EIO=4&transport=polling&t=OZYZklh
Thu Jun 22 2023 16:3:17 [University Management System] info: [GET] /socket.io/?EIO=4&transport=polling&t=OZYZklh.0
Thu Jun 22 2023 16:3:17 [University Management System] info: [GET] /socket.io/?EIO=4&transport=polling&t=OZYZklm
Thu Jun 22 2023 16:3:17 [University Management System] info: [GET] /socket.io/?EIO=4&transport=polling&t=OZYZkln
Thu Jun 22 2023 16:3:17 [University Management System] info: [GET] /socket.io/?EIO=4&transport=polling&t=OZYZklq
Thu Jun 22 2023 16:3:23 [University Management System] info: [GET] /socket.io/?EIO=4&transport=polling&t=OZYZmDM
Thu Jun 22 2023 16:3:23 [University Management System] info: [GET] /socket.io/?EIO=4&transport=polling&t=OZYZmDN
Thu Jun 22 2023 16:3:29 [University Management System] info: [GET] /socket.io/?EIO=4&transport=polling&t=OZYZnh8
Thu Jun 22 2023 16:3:29 [University Management System] info: [GET] /socket.io/?EIO=4&transport=polling&t=OZYZnh9
Thu Jun 22 2023 16:3:29 [University Management System] info: [GET] /socket.io/?EIO=4&transport=polling&t=OZYZnhE
Thu Jun 22 2023 16:3:29 [University Management System] info: [GET] /socket.io/?EIO=4&transport=polling&t=OZYZnhF
Thu Jun 22 2023 16:3:35 [University Management System] info: [GET] /socket.io/?EIO=4&transport=polling&t=OZYZp8s
Thu Jun 22 2023 16:3:35 [University Management System] info: [GET] /socket.io/?EIO=4&transport=polling&t=OZYZp8t
Thu Jun 22 2023 16:3:41 [University Management System] info: [GET] /socket.io/?EIO=4&transport=polling&t=OZYZqcl
Thu Jun 22 2023 16:3:41 [University Management System] info: [GET] /socket.io/?EIO=4&transport=polling&t=OZYZqcm
Thu Jun 22 2023 16:3:41 [University Management System] info: [GET] /socket.io/?EIO=4&transport=polling&t=OZYZqcu
Thu Jun 22 2023 16:3:47 [University Management System] info: [GET] /socket.io/?EIO=4&transport=polling&t=OZYZs4O
Thu Jun 22 2023 16:3:47 [University Management System] info: [GET] /socket.io/?EIO=4&transport=polling&t=OZYZs4P
Thu Jun 22 2023 16:3:53 [University Management System] info: [GET] /socket.io/?EIO=4&transport=polling&t=OZYZtY8
Thu Jun 22 2023 16:3:53 [University Management System] info: [GET] /socket.io/?EIO=4&transport=polling&t=OZYZtY9
Thu Jun 22 2023 16:3:59 [University Management System] info: [GET] /socket.io/?EIO=4&transport=polling&t=OZYZu_n
Thu Jun 22 2023 16:3:59 [University Management System] info: [GET] /socket.io/?EIO=4&transport=polling&t=OZYZu_o
Thu Jun 22 2023 16:4:5 [University Management System] info: [GET] /socket.io/?EIO=4&transport=polling&t=OZYZwTY
Thu Jun 22 2023 16:4:5 [University Management System] info: [GET] /socket.io/?EIO=4&transport=polling&t=OZYZwTZ
Thu Jun 22 2023 16:4:5 [University Management System] info: [GET] /socket.io/?EIO=4&transport=polling&t=OZYZwTf
Thu Jun 22 2023 16:4:5 [University Management System] info: [GET] /socket.io/?EIO=4&transport=polling&t=OZYZwTg
Thu Jun 22 2023 16:4:5 [University Management System] info: [GET] /socket.io/?EIO=4&transport=polling&t=OZYZwTj
Thu Jun 22 2023 16:4:11 [University Management System] info: [GET] /socket.io/?EIO=4&transport=polling&t=OZYZxxW
Thu Jun 22 2023 16:4:11 [University Management System] info: [GET] /socket.io/?EIO=4&transport=polling&t=OZYZxxX
Thu Jun 22 2023 16:4:11 [University Management System] info: [GET] /socket.io/?EIO=4&transport=polling&t=OZYZxxc
Thu Jun 22 2023 16:4:11 [University Management System] info: [GET] /socket.io/?EIO=4&transport=polling&t=OZYZxxd
Thu Jun 22 2023 16:4:17 [University Management System] info: [GET] /socket.io/?EIO=4&transport=polling&t=OZYZzPB
Thu Jun 22 2023 16:4:17 [University Management System] info: [GET] /socket.io/?EIO=4&transport=polling&t=OZYZzPC
Thu Jun 22 2023 16:4:23 [University Management System] info: [GET] /socket.io/?EIO=4&transport=polling&t=OZYZ-sn
Thu Jun 22 2023 16:4:23 [University Management System] info: [GET] /socket.io/?EIO=4&transport=polling&t=OZYZ-so
Thu Jun 22 2023 16:4:29 [University Management System] info: [GET] /socket.io/?EIO=4&transport=polling&t=OZYa0Kk
Thu Jun 22 2023 16:4:29 [University Management System] info: [GET] /socket.io/?EIO=4&transport=polling&t=OZYa0Kl
Thu Jun 22 2023 16:4:35 [University Management System] info: [GET] /socket.io/?EIO=4&transport=polling&t=OZYa1oJ
Thu Jun 22 2023 16:4:35 [University Management System] info: [GET] /socket.io/?EIO=4&transport=polling&t=OZYa1oK
Thu Jun 22 2023 16:4:35 [University Management System] info: [GET] /socket.io/?EIO=4&transport=polling&t=OZYa1oS
Thu Jun 22 2023 16:4:35 [University Management System] info: [GET] /socket.io/?EIO=4&transport=polling&t=OZYa1oW
Thu Jun 22 2023 16:4:35 [University Management System] info: [GET] /socket.io/?EIO=4&transport=polling&t=OZYa1oZ
Thu Jun 22 2023 16:4:35 [University Management System] info: [GET] /socket.io/?EIO=4&transport=polling&t=OZYa1od
Thu Jun 22 2023 16:4:35 [University Management System] info: [GET] /socket.io/?EIO=4&transport=polling&t=OZYa1og
Thu Jun 22 2023 16:4:41 [University Management System] info: [GET] /socket.io/?EIO=4&transport=polling&t=OZYa3GE
Thu Jun 22 2023 16:4:41 [University Management System] info: [GET] /socket.io/?EIO=4&transport=polling&t=OZYa3GF
Thu Jun 22 2023 16:4:41 [University Management System] info: [GET] /socket.io/?EIO=4&transport=polling&t=OZYa3GL
Thu Jun 22 2023 16:4:41 [University Management System] info: [GET] /socket.io/?EIO=4&transport=polling&t=OZYa3GM
Thu Jun 22 2023 16:4:41 [University Management System] info: [GET] /socket.io/?EIO=4&transport=polling&t=OZYa3GP
Thu Jun 22 2023 16:4:41 [University Management System] info: [GET] /socket.io/?EIO=4&transport=polling&t=OZYa3GR
Thu Jun 22 2023 16:4:41 [University Management System] info: [GET] /socket.io/?EIO=4&transport=polling&t=OZYa3GV
Thu Jun 22 2023 16:4:47 [University Management System] info: [GET] /socket.io/?EIO=4&transport=polling&t=OZYa4jr
Thu Jun 22 2023 16:4:47 [University Management System] info: [GET] /socket.io/?EIO=4&transport=polling&t=OZYa4jt
Thu Jun 22 2023 16:4:47 [University Management System] info: [GET] /socket.io/?EIO=4&transport=polling&t=OZYa4jy
Thu Jun 22 2023 16:4:47 [University Management System] info: [GET] /socket.io/?EIO=4&transport=polling&t=OZYa4jz
Thu Jun 22 2023 16:4:47 [University Management System] info: [GET] /socket.io/?EIO=4&transport=polling&t=OZYa4k2
Thu Jun 22 2023 16:4:47 [University Management System] info: [GET] /socket.io/?EIO=4&transport=polling&t=OZYa4k7
Thu Jun 22 2023 16:4:47 [University Management System] info: [GET] /socket.io/?EIO=4&transport=polling&t=OZYa4kC
Thu Jun 22 2023 16:4:53 [University Management System] info: [GET] /socket.io/?EIO=4&transport=polling&t=OZYa6Bi
Thu Jun 22 2023 16:4:53 [University Management System] info: [GET] /socket.io/?EIO=4&transport=polling&t=OZYa6Bi.0
Thu Jun 22 2023 16:4:53 [University Management System] info: [GET] /socket.io/?EIO=4&transport=polling&t=OZYa6Bq
Thu Jun 22 2023 16:4:59 [University Management System] info: [GET] /socket.io/?EIO=4&transport=polling&t=OZYa7fR
Thu Jun 22 2023 16:4:59 [University Management System] info: [GET] /socket.io/?EIO=4&transport=polling&t=OZYa7fS
Thu Jun 22 2023 16:4:59 [University Management System] info: [GET] /socket.io/?EIO=4&transport=polling&t=OZYa7fX
Thu Jun 22 2023 16:5:5 [University Management System] info: [GET] /socket.io/?EIO=4&transport=polling&t=OZYa97E
Thu Jun 22 2023 16:5:5 [University Management System] info: [GET] /socket.io/?EIO=4&transport=polling&t=OZYa97F
Thu Jun 22 2023 16:5:11 [University Management System] info: [GET] /socket.io/?EIO=4&transport=polling&t=OZYaAax
Thu Jun 22 2023 16:5:11 [University Management System] info: [GET] /socket.io/?EIO=4&transport=polling&t=OZYaAay
Thu Jun 22 2023 16:5:11 [University Management System] info: [GET] /socket.io/?EIO=4&transport=polling&t=OZYaAb3
Thu Jun 22 2023 16:5:11 [University Management System] info: [GET] /socket.io/?EIO=4&transport=polling&t=OZYaAb3.0
Thu Jun 22 2023 16:5:17 [University Management System] info: [GET] /socket.io/?EIO=4&transport=polling&t=OZYaC2i
Thu Jun 22 2023 16:5:17 [University Management System] info: [GET] /socket.io/?EIO=4&transport=polling&t=OZYaC2j
Thu Jun 22 2023 16:5:17 [University Management System] info: [GET] /socket.io/?EIO=4&transport=polling&t=OZYaC2r
Thu Jun 22 2023 16:5:23 [University Management System] info: [GET] /socket.io/?EIO=4&transport=polling&t=OZYaDWJ
Thu Jun 22 2023 16:5:23 [University Management System] info: [GET] /socket.io/?EIO=4&transport=polling&t=OZYaDWK
Thu Jun 22 2023 16:5:23 [University Management System] info: [GET] /socket.io/?EIO=4&transport=polling&t=OZYaDWT
Thu Jun 22 2023 16:5:23 [University Management System] info: [GET] /socket.io/?EIO=4&transport=polling&t=OZYaDWT.0
Thu Jun 22 2023 16:5:23 [University Management System] info: [GET] /socket.io/?EIO=4&transport=polling&t=OZYaDWY
Thu Jun 22 2023 16:5:23 [University Management System] info: [GET] /socket.io/?EIO=4&transport=polling&t=OZYaDWd
Thu Jun 22 2023 16:5:29 [University Management System] info: [GET] /socket.io/?EIO=4&transport=polling&t=OZYaE-5
Thu Jun 22 2023 16:5:29 [University Management System] info: [GET] /socket.io/?EIO=4&transport=polling&t=OZYaE-6
Thu Jun 22 2023 16:5:29 [University Management System] info: [GET] /socket.io/?EIO=4&transport=polling&t=OZYaE-G
Thu Jun 22 2023 16:5:29 [University Management System] info: [GET] /socket.io/?EIO=4&transport=polling&t=OZYaE-L
Thu Jun 22 2023 16:5:35 [University Management System] info: [GET] /socket.io/?EIO=4&transport=polling&t=OZYaGRt
Thu Jun 22 2023 16:5:35 [University Management System] info: [GET] /socket.io/?EIO=4&transport=polling&t=OZYaGRu
Thu Jun 22 2023 16:5:35 [University Management System] info: [GET] /socket.io/?EIO=4&transport=polling&t=OZYaGR-
Thu Jun 22 2023 16:5:35 [University Management System] info: [GET] /socket.io/?EIO=4&transport=polling&t=OZYaGR-.0
Thu Jun 22 2023 16:5:35 [University Management System] info: [GET] /socket.io/?EIO=4&transport=polling&t=OZYaGS3
Thu Jun 22 2023 16:5:41 [University Management System] info: [GET] /socket.io/?EIO=4&transport=polling&t=OZYaHvf
Thu Jun 22 2023 16:5:41 [University Management System] info: [GET] /socket.io/?EIO=4&transport=polling&t=OZYaHvg
Thu Jun 22 2023 16:5:41 [University Management System] info: [GET] /socket.io/?EIO=4&transport=polling&t=OZYaHvo
Thu Jun 22 2023 16:5:41 [University Management System] info: [GET] /socket.io/?EIO=4&transport=polling&t=OZYaHvs
Thu Jun 22 2023 16:5:47 [University Management System] info: [GET] /socket.io/?EIO=4&transport=polling&t=OZYaJNI
Thu Jun 22 2023 16:5:47 [University Management System] info: [GET] /socket.io/?EIO=4&transport=polling&t=OZYaJNK
Thu Jun 22 2023 16:5:47 [University Management System] info: [GET] /socket.io/?EIO=4&transport=polling&t=OZYaJNR
Thu Jun 22 2023 16:5:47 [University Management System] info: [GET] /socket.io/?EIO=4&transport=polling&t=OZYaJNS
Thu Jun 22 2023 16:5:47 [University Management System] info: [GET] /socket.io/?EIO=4&transport=polling&t=OZYaJNV
Thu Jun 22 2023 16:5:47 [University Management System] info: [GET] /socket.io/?EIO=4&transport=polling&t=OZYaJNW
Thu Jun 22 2023 16:5:47 [University Management System] info: [GET] /socket.io/?EIO=4&transport=polling&t=OZYaJNa
Thu Jun 22 2023 16:5:47 [University Management System] info: [GET] /socket.io/?EIO=4&transport=polling&t=OZYaJNb
Thu Jun 22 2023 16:5:47 [University Management System] info: [GET] /socket.io/?EIO=4&transport=polling&t=OZYaJNf
Thu Jun 22 2023 16:5:53 [University Management System] info: [GET] /socket.io/?EIO=4&transport=polling&t=OZYaKr8
Thu Jun 22 2023 16:5:53 [University Management System] info: [GET] /socket.io/?EIO=4&transport=polling&t=OZYaKr9
Thu Jun 22 2023 16:5:53 [University Management System] info: [GET] /socket.io/?EIO=4&transport=polling&t=OZYaKrI
Thu Jun 22 2023 16:5:59 [University Management System] info: [GET] /socket.io/?EIO=4&transport=polling&t=OZYaMIr
Thu Jun 22 2023 16:5:59 [University Management System] info: [GET] /socket.io/?EIO=4&transport=polling&t=OZYaMIs
Thu Jun 22 2023 16:5:59 [University Management System] info: [GET] /socket.io/?EIO=4&transport=polling&t=OZYaMI-
Thu Jun 22 2023 16:5:59 [University Management System] info: [GET] /socket.io/?EIO=4&transport=polling&t=OZYaMJ3
Thu Jun 22 2023 16:5:59 [University Management System] info: [GET] /socket.io/?EIO=4&transport=polling&t=OZYaMJ8
Thu Jun 22 2023 16:5:59 [University Management System] info: [GET] /socket.io/?EIO=4&transport=polling&t=OZYaMJC
Thu Jun 22 2023 16:5:59 [University Management System] info: [GET] /socket.io/?EIO=4&transport=polling&t=OZYaMJG
Thu Jun 22 2023 16:5:59 [University Management System] info: [GET] /socket.io/?EIO=4&transport=polling&t=OZYaMJK
Thu Jun 22 2023 16:6:5 [University Management System] info: [GET] /socket.io/?EIO=4&transport=polling&t=OZYaNmi
Thu Jun 22 2023 16:6:5 [University Management System] info: [GET] /socket.io/?EIO=4&transport=polling&t=OZYaNmk
Thu Jun 22 2023 16:6:5 [University Management System] info: [GET] /socket.io/?EIO=4&transport=polling&t=OZYaNms
Thu Jun 22 2023 16:6:5 [University Management System] info: [GET] /socket.io/?EIO=4&transport=polling&t=OZYaNmx
Thu Jun 22 2023 16:6:11 [University Management System] info: [GET] /socket.io/?EIO=4&transport=polling&t=OZYaPEJ
Thu Jun 22 2023 16:6:11 [University Management System] info: [GET] /socket.io/?EIO=4&transport=polling&t=OZYaPEJ.0
Thu Jun 22 2023 16:6:11 [University Management System] info: [GET] /socket.io/?EIO=4&transport=polling&t=OZYaPES
Thu Jun 22 2023 16:6:11 [University Management System] info: [GET] /socket.io/?EIO=4&transport=polling&t=OZYaPES.0
Thu Jun 22 2023 16:6:11 [University Management System] info: [GET] /socket.io/?EIO=4&transport=polling&t=OZYaPEX
Thu Jun 22 2023 16:6:11 [University Management System] info: [GET] /socket.io/?EIO=4&transport=polling&t=OZYaPEY
Thu Jun 22 2023 16:6:11 [University Management System] info: [GET] /socket.io/?EIO=4&transport=polling&t=OZYaPEd
Thu Jun 22 2023 16:6:17 [University Management System] info: [GET] /socket.io/?EIO=4&transport=polling&t=OZYaQi7
Thu Jun 22 2023 16:6:17 [University Management System] info: [GET] /socket.io/?EIO=4&transport=polling&t=OZYaQi8
Thu Jun 22 2023 16:6:17 [University Management System] info: [GET] /socket.io/?EIO=4&transport=polling&t=OZYaQiH
Thu Jun 22 2023 16:6:23 [University Management System] info: [GET] /socket.io/?EIO=4&transport=polling&t=OZYaS9y
Thu Jun 22 2023 16:6:23 [University Management System] info: [GET] /socket.io/?EIO=4&transport=polling&t=OZYaS9z
Thu Jun 22 2023 16:6:23 [University Management System] info: [GET] /socket.io/?EIO=4&transport=polling&t=OZYaSA5
Thu Jun 22 2023 16:6:29 [University Management System] info: [GET] /socket.io/?EIO=4&transport=polling&t=OZYaTdc
Thu Jun 22 2023 16:6:29 [University Management System] info: [GET] /socket.io/?EIO=4&transport=polling&t=OZYaTdd
Thu Jun 22 2023 16:6:35 [University Management System] info: [GET] /socket.io/?EIO=4&transport=polling&t=OZYaV5P
Thu Jun 22 2023 16:6:35 [University Management System] info: [GET] /socket.io/?EIO=4&transport=polling&t=OZYaV5R
Thu Jun 22 2023 16:6:35 [University Management System] info: [GET] /socket.io/?EIO=4&transport=polling&t=OZYaV5X
Thu Jun 22 2023 16:6:35 [University Management System] info: [GET] /socket.io/?EIO=4&transport=polling&t=OZYaV5Z
Thu Jun 22 2023 16:6:35 [University Management System] info: [GET] /socket.io/?EIO=4&transport=polling&t=OZYaV5e
Thu Jun 22 2023 16:6:35 [University Management System] info: [GET] /socket.io/?EIO=4&transport=polling&t=OZYaV5i
Thu Jun 22 2023 16:6:41 [University Management System] info: [GET] /socket.io/?EIO=4&transport=polling&t=OZYaWZ5
Thu Jun 22 2023 16:6:41 [University Management System] info: [GET] /socket.io/?EIO=4&transport=polling&t=OZYaWZ6
Thu Jun 22 2023 16:6:41 [University Management System] info: [GET] /socket.io/?EIO=4&transport=polling&t=OZYaWZF
Thu Jun 22 2023 16:6:41 [University Management System] info: [GET] /socket.io/?EIO=4&transport=polling&t=OZYaWZG
Thu Jun 22 2023 16:6:47 [University Management System] info: [GET] /socket.io/?EIO=4&transport=polling&t=OZYaY0_
Thu Jun 22 2023 16:6:47 [University Management System] info: [GET] /socket.io/?EIO=4&transport=polling&t=OZYaY10
Thu Jun 22 2023 16:6:53 [University Management System] info: [GET] /socket.io/?EIO=4&transport=polling&t=OZYaZUi
Thu Jun 22 2023 16:6:53 [University Management System] info: [GET] /socket.io/?EIO=4&transport=polling&t=OZYaZUj
Thu Jun 22 2023 16:6:59 [University Management System] info: [GET] /socket.io/?EIO=4&transport=polling&t=OZYaayJ
Thu Jun 22 2023 16:6:59 [University Management System] info: [GET] /socket.io/?EIO=4&transport=polling&t=OZYaayK
Thu Jun 22 2023 16:7:10 [University Management System] info: [GET] /api/v1/campaign
Thu Jun 22 2023 16:7:12 [University Management System] info: [GET] /api/v1/contact/?size=5
Thu Jun 22 2023 16:7:13 [University Management System] info: [GET] /api/v1/form
Thu Jun 22 2023 16:7:14 [University Management System] info: [GET] /api/v1/group
Thu Jun 22 2023 16:7:15 [University Management System] info: [GET] /api/v1/calender
Thu Jun 22 2023 16:7:15 [University Management System] info: [GET] /api/v1/public-calender/test
Thu Jun 22 2023 16:7:40 [University Management System] info: [GET] /api/v1/public-calender/test
Thu Jun 22 2023 16:7:41 [University Management System] info: [GET] /api/v1/public-calender/test
