Sat Jun 10 2023 0:0:54 [University Management System] info: [POST] /api/v1/semesters/create-semester
Sat Jun 10 2023 0:3:9 [University Management System] info: [POST] /api/v1/semesters/create-semester
Sat Jun 10 2023 0:4:2 [University Management System] info: [POST] /api/v1/semesters/create-semester
Sat Jun 10 2023 0:4:43 [University Management System] info: [POST] /api/v1/semesters/create-semester
Sat Jun 10 2023 0:5:40 [University Management System] info: [POST] /api/v1/semesters/create-semester
Sat Jun 10 2023 0:6:8 [University Management System] info: [POST] /api/v1/semesters/create-semester
Sat Jun 10 2023 0:6:29 [University Management System] info: [POST] /api/v1/semesters/create-semester
Sat Jun 10 2023 0:10:51 [University Management System] info: [POST] /api/v1/semesters/create-semester
Sat Jun 10 2023 0:12:21 [University Management System] info: [POST] /api/v1/semesters/create-semester
Sat Jun 10 2023 0:12:54 [University Management System] info: [POST] /api/v1/semesters/create-semester
Sat Jun 10 2023 0:13:30 [University Management System] info: [POST] /api/v1/semesters/create-semester
Sat Jun 10 2023 0:15:37 [University Management System] info: [POST] /api/v1/semesters/create-semester
Sat Jun 10 2023 0:16:19 [University Management System] info: [POST] /api/v1/semesters/create-semester
Sat Jun 10 2023 0:16:41 [University Management System] info: [POST] /api/v1/semesters/create-semester
Sat Jun 10 2023 0:17:15 [University Management System] info: [POST] /api/v1/semesters/create-semester
Sat Jun 10 2023 0:21:43 [University Management System] info: [POST] /api/v1/semesters/create-semesterd
Sat Jun 10 2023 0:28:10 [University Management System] info: [POST] /api/v1/semesters/create-semesterd
Sat Jun 10 2023 0:30:24 [University Management System] info: [GET] /api/v1/public-calender/testrt
Sat Jun 10 2023 0:36:26 [University Management System] info: [POST] /api/v1/semesters/create-semesterd
Sat Jun 10 2023 0:36:53 [University Management System] info: [POST] /api/v1/semesters/create-semesterd
Sat Jun 10 2023 0:36:55 [University Management System] info: [POST] /api/v1/semesters/create-semesterd
Sat Jun 10 2023 0:37:26 [University Management System] info: [POST] /api/v1/semesters/create-semesterd
Sat Jun 10 2023 0:39:50 [University Management System] info: [POST] /api/v1/semesters/create-semester
Sat Jun 10 2023 0:40:6 [University Management System] info: [POST] /api/v1/semesters/create-semester
Sat Jun 10 2023 0:49:1 [University Management System] info: [GET] /
Sat Jun 10 2023 0:49:23 [University Management System] info: [GET] /
Sat Jun 10 2023 0:49:23 [University Management System] info: [GET] /favicon.ico
Sat Jun 10 2023 0:49:55 [University Management System] info: [POST] /api/v1/semesters/create-semester
Sat Jun 10 2023 0:50:46 [University Management System] info: [POST] /api/v1/semesters/create-semester
Sat Jun 10 2023 0:51:2 [University Management System] info: [POST] /api/v1/semesters/create-semester
Sat Jun 10 2023 0:51:20 [University Management System] info: [POST] /api/v1/semesters/create-semester
Sat Jun 10 2023 0:55:27 [University Management System] info: [POST] /api/v1/semesters/create-semester
Sat Jun 10 2023 0:55:41 [University Management System] info: [POST] /api/v1/semesters/create-semester
Sat Jun 10 2023 0:57:24 [University Management System] info: [POST] /api/v1/semesters/create-semester
Sat Jun 10 2023 0:59:7 [University Management System] info: [POST] /api/v1/semesters/create-semester
Sat Jun 10 2023 0:59:24 [University Management System] info: [POST] /api/v1/semesters/create-semester
